Starting server...
Registering routes...
Routes registered.
Setting up Vite...
Vite setup complete.
Starting server listener...
8:50:50 AM [express] serving on port 5000
Server listening.
Browserslist: browsers data (caniuse-lite) is 11 months old. Please run:
  npx update-browserslist-db@latest
  Why you should do it regularly: https://github.com/browserslist/update-db#readme
8:52:37 AM [express] GET /api/stats 500 in 1131ms :: {"message":"Failed to fetch statistics"}
8:52:53 AM [express] GET /api/stats 500 in 766ms :: {"message":"Failed to fetch statistics"}
8:52:56 AM [express] POST /api/files/upload 400 in 1ms :: {"message":"No file uploaded"}
8:52:59 AM [express] GET /api/stats 500 in 655ms :: {"message":"Failed to fetch statistics"}
8:53:05 AM [express] GET /api/stats 500 in 665ms :: {"message":"Failed to fetch statistics"}
8:53:25 AM [express] GET /api/stats 500 in 534ms :: {"message":"Failed to fetch statistics"}
8:53:27 AM [express] POST /api/files/upload 400 in 1ms :: {"message":"No file uploaded"}
8:53:31 AM [express] GET /api/stats 500 in 666ms :: {"message":"Failed to fetch statistics"}
8:53:37 AM [express] GET /api/stats 500 in 624ms :: {"message":"Failed to fetch statistics"}
8:53:38 AM [express] POST /api/files/upload 400 in 1ms :: {"message":"No file uploaded"}
8:53:42 AM [express] GET /api/stats 500 in 662ms :: {"message":"Failed to fetch statistics"}
8:53:48 AM [express] GET /api/stats 500 in 657ms :: {"message":"Failed to fetch statistics"}
8:53:49 AM [express] POST /api/files/upload 400 in 1ms :: {"message":"No file uploaded"}
8:53:54 AM [express] GET /api/stats 500 in 676ms :: {"message":"Failed to fetch statistics"}
8:54:00 AM [express] GET /api/stats 500 in 738ms :: {"message":"Failed to fetch statistics"}
8:54:04 AM [express] POST /api/files/upload 400 in 0ms :: {"message":"No file uploaded"}
8:54:05 AM [express] GET /api/stats 500 in 547ms :: {"message":"Failed to fetch statistics"}
8:54:11 AM [express] GET /api/stats 500 in 601ms :: {"message":"Failed to fetch statistics"}
8:54:16 AM [express] GET /api/stats 500 in 618ms :: {"message":"Failed to fetch statistics"}
8:54:19 AM [express] POST /api/files/upload 400 in 1ms :: {"message":"No file uploaded"}
8:54:22 AM [express] GET /api/stats 500 in 664ms :: {"message":"Failed to fetch statistics"}
[2m8:55:28 a. m.[22m [36m[1m[vite][22m[39m [32mhmr update [39m[2m/src/App.tsx?v=XOW6NhuhrUQ22ngXhCm6f, /src/index.css?v=XOW6NhuhrUQ22ngXhCm6f, /src/components/FileUpload.tsx, /src/components/FileManagement.tsx[22m
8:55:53 AM [express] GET /api/stats 500 in 775ms :: {"message":"Failed to fetch statistics"}
8:55:55 AM [express] GET /api/stats 500 in 645ms :: {"message":"Failed to fetch statistics"}
8:56:00 AM [express] POST /api/files/upload 400 in 661ms :: {"message":"relation \"mcr_files\" does …
8:56:01 AM [express] GET /api/stats 500 in 661ms :: {"message":"Failed to fetch statistics"}
8:56:07 AM [express] GET /api/stats 500 in 953ms :: {"message":"Failed to fetch statistics"}
8:56:10 AM [express] POST /api/files/upload 400 in 1669ms :: {"message":"relation \"mcr_files\" does…
8:56:13 AM [express] GET /api/stats 500 in 499ms :: {"message":"Failed to fetch statistics"}
8:56:18 AM [express] GET /api/stats 500 in 664ms :: {"message":"Failed to fetch statistics"}
8:56:23 AM [express] POST /api/files/upload 400 in 585ms :: {"message":"relation \"mcr_files\" does …
8:56:24 AM [express] GET /api/stats 500 in 594ms :: {"message":"Failed to fetch statistics"}
8:56:40 AM [express] GET /api/stats 500 in 669ms :: {"message":"Failed to fetch statistics"}
8:56:42 AM [express] POST /api/files/upload 400 in 645ms :: {"message":"relation \"mcr_files\" does …
8:56:45 AM [express] GET /api/stats 500 in 604ms :: {"message":"Failed to fetch statistics"}
8:56:56 AM [express] GET /api/stats 500 in 726ms :: {"message":"Failed to fetch statistics"}
8:56:57 AM [express] POST /api/files/upload 400 in 1712ms :: {"message":"relation \"mcr_files\" does…
8:57:02 AM [express] GET /api/stats 500 in 667ms :: {"message":"Failed to fetch statistics"}
8:57:07 AM [express] GET /api/stats 500 in 577ms :: {"message":"Failed to fetch statistics"}
8:57:13 AM [express] GET /api/stats 500 in 569ms :: {"message":"Failed to fetch statistics"}
8:57:13 AM [express] POST /api/files/upload 400 in 650ms :: {"message":"relation \"mcr_files\" does …
8:57:19 AM [express] GET /api/stats 500 in 656ms :: {"message":"Failed to fetch statistics"}
8:57:35 AM [express] GET /api/stats 500 in 607ms :: {"message":"Failed to fetch statistics"}
8:57:35 AM [express] POST /api/files/upload 400 in 756ms :: {"message":"relation \"mcr_files\" does …
8:57:40 AM [express] GET /api/stats 500 in 731ms :: {"message":"Failed to fetch statistics"}
8:58:16 AM [express] GET /api/stats 500 in 811ms :: {"message":"Failed to fetch statistics"}
8:58:17 AM [express] POST /api/files/upload 400 in 584ms :: {"message":"relation \"mcr_files\" does …
8:58:22 AM [express] GET /api/stats 500 in 688ms :: {"message":"Failed to fetch statistics"}
8:58:27 AM [express] GET /api/stats 500 in 566ms :: {"message":"Failed to fetch statistics"}
8:58:31 AM [express] POST /api/files/upload 400 in 594ms :: {"message":"relation \"mcr_files\" does …
8:58:33 AM [express] GET /api/stats 500 in 585ms :: {"message":"Failed to fetch statistics"}
8:58:39 AM [express] GET /api/stats 500 in 669ms :: {"message":"Failed to fetch statistics"}
8:58:45 AM [express] GET /api/stats 500 in 774ms :: {"message":"Failed to fetch statistics"}
8:58:51 AM [express] GET /api/stats 500 in 927ms :: {"message":"Failed to fetch statistics"}
8:58:56 AM [express] GET /api/stats 500 in 472ms :: {"message":"Failed to fetch statistics"}
8:59:02 AM [express] GET /api/stats 500 in 549ms :: {"message":"Failed to fetch statistics"}
8:59:07 AM [express] GET /api/stats 500 in 661ms :: {"message":"Failed to fetch statistics"}
8:59:13 AM [express] GET /api/stats 500 in 671ms :: {"message":"Failed to fetch statistics"}
8:59:19 AM [express] GET /api/stats 500 in 687ms :: {"message":"Failed to fetch statistics"}
8:59:25 AM [express] GET /api/stats 500 in 597ms :: {"message":"Failed to fetch statistics"}
8:59:30 AM [express] GET /api/stats 500 in 537ms :: {"message":"Failed to fetch statistics"}
8:59:36 AM [express] GET /api/stats 500 in 662ms :: {"message":"Failed to fetch statistics"}
8:59:42 AM [express] GET /api/stats 500 in 775ms :: {"message":"Failed to fetch statistics"}
8:59:47 AM [express] GET /api/stats 500 in 648ms :: {"message":"Failed to fetch statistics"}
8:59:53 AM [express] GET /api/stats 500 in 593ms :: {"message":"Failed to fetch statistics"}
8:59:59 AM [express] GET /api/stats 500 in 656ms :: {"message":"Failed to fetch statistics"}
9:00:04 AM [express] GET /api/stats 500 in 653ms :: {"message":"Failed to fetch statistics"}
9:00:10 AM [express] GET /api/stats 500 in 694ms :: {"message":"Failed to fetch statistics"}
9:00:16 AM [express] GET /api/stats 500 in 584ms :: {"message":"Failed to fetch statistics"}
9:00:21 AM [express] GET /api/stats 500 in 753ms :: {"message":"Failed to fetch statistics"}
9:00:27 AM [express] GET /api/stats 500 in 586ms :: {"message":"Failed to fetch statistics"}
9:00:33 AM [express] GET /api/stats 500 in 1220ms :: {"message":"Failed to fetch statistics"}
9:00:39 AM [express] GET /api/stats 500 in 656ms :: {"message":"Failed to fetch statistics"}
9:00:45 AM [express] GET /api/stats 500 in 851ms :: {"message":"Failed to fetch statistics"}
9:00:50 AM [express] GET /api/stats 500 in 581ms :: {"message":"Failed to fetch statistics"}
9:00:56 AM [express] GET /api/stats 500 in 657ms :: {"message":"Failed to fetch statistics"}
9:01:02 AM [express] GET /api/stats 500 in 675ms :: {"message":"Failed to fetch statistics"}
9:01:07 AM [express] GET /api/stats 500 in 692ms :: {"message":"Failed to fetch statistics"}
9:01:13 AM [express] GET /api/stats 500 in 680ms :: {"message":"Failed to fetch statistics"}
9:01:19 AM [express] GET /api/stats 500 in 834ms :: {"message":"Failed to fetch statistics"}
9:01:25 AM [express] GET /api/stats 500 in 726ms :: {"message":"Failed to fetch statistics"}
9:01:30 AM [express] GET /api/stats 500 in 653ms :: {"message":"Failed to fetch statistics"}
9:01:36 AM [express] GET /api/stats 500 in 852ms :: {"message":"Failed to fetch statistics"}
9:01:42 AM [express] GET /api/stats 500 in 594ms :: {"message":"Failed to fetch statistics"}
9:01:47 AM [express] GET /api/stats 500 in 677ms :: {"message":"Failed to fetch statistics"}
9:01:53 AM [express] GET /api/stats 500 in 587ms :: {"message":"Failed to fetch statistics"}
9:01:59 AM [express] GET /api/stats 500 in 597ms :: {"message":"Failed to fetch statistics"}
9:02:05 AM [express] GET /api/stats 500 in 979ms :: {"message":"Failed to fetch statistics"}
9:02:11 AM [express] GET /api/stats 500 in 898ms :: {"message":"Failed to fetch statistics"}
9:02:16 AM [express] GET /api/stats 500 in 750ms :: {"message":"Failed to fetch statistics"}
9:02:22 AM [express] GET /api/stats 500 in 967ms :: {"message":"Failed to fetch statistics"}
9:02:28 AM [express] GET /api/stats 500 in 736ms :: {"message":"Failed to fetch statistics"}
9:02:34 AM [express] GET /api/stats 500 in 610ms :: {"message":"Failed to fetch statistics"}
9:02:40 AM [express] GET /api/stats 500 in 749ms :: {"message":"Failed to fetch statistics"}
9:02:45 AM [express] GET /api/stats 500 in 782ms :: {"message":"Failed to fetch statistics"}
9:02:51 AM [express] GET /api/stats 500 in 661ms :: {"message":"Failed to fetch statistics"}
9:02:57 AM [express] GET /api/stats 500 in 655ms :: {"message":"Failed to fetch statistics"}
9:03:02 AM [express] GET /api/stats 500 in 528ms :: {"message":"Failed to fetch statistics"}
9:03:08 AM [express] GET /api/stats 500 in 659ms :: {"message":"Failed to fetch statistics"}
9:03:14 AM [express] GET /api/stats 500 in 1097ms :: {"message":"Failed to fetch statistics"}
9:03:20 AM [express] GET /api/stats 500 in 656ms :: {"message":"Failed to fetch statistics"}
9:03:25 AM [express] GET /api/stats 500 in 662ms :: {"message":"Failed to fetch statistics"}
9:03:31 AM [express] GET /api/stats 500 in 1031ms :: {"message":"Failed to fetch statistics"}
9:03:37 AM [express] GET /api/stats 500 in 606ms :: {"message":"Failed to fetch statistics"}
9:03:43 AM [express] GET /api/stats 500 in 644ms :: {"message":"Failed to fetch statistics"}
9:03:48 AM [express] GET /api/stats 500 in 678ms :: {"message":"Failed to fetch statistics"}
9:03:54 AM [express] GET /api/stats 500 in 666ms :: {"message":"Failed to fetch statistics"}
9:04:00 AM [express] GET /api/stats 500 in 664ms :: {"message":"Failed to fetch statistics"}
9:04:06 AM [express] GET /api/stats 500 in 744ms :: {"message":"Failed to fetch statistics"}
9:04:11 AM [express] GET /api/stats 500 in 637ms :: {"message":"Failed to fetch statistics"}
9:04:17 AM [express] GET /api/stats 500 in 559ms :: {"message":"Failed to fetch statistics"}
9:04:23 AM [express] GET /api/stats 500 in 666ms :: {"message":"Failed to fetch statistics"}
9:04:28 AM [express] GET /api/stats 500 in 590ms :: {"message":"Failed to fetch statistics"}
9:04:34 AM [express] GET /api/stats 500 in 661ms :: {"message":"Failed to fetch statistics"}
9:04:40 AM [express] GET /api/stats 500 in 957ms :: {"message":"Failed to fetch statistics"}
9:04:46 AM [express] GET /api/stats 500 in 821ms :: {"message":"Failed to fetch statistics"}
9:04:52 AM [express] GET /api/stats 500 in 649ms :: {"message":"Failed to fetch statistics"}
9:04:57 AM [express] GET /api/stats 500 in 660ms :: {"message":"Failed to fetch statistics"}
9:05:03 AM [express] GET /api/stats 500 in 688ms :: {"message":"Failed to fetch statistics"}
9:05:09 AM [express] GET /api/stats 500 in 641ms :: {"message":"Failed to fetch statistics"}
9:05:14 AM [express] GET /api/stats 500 in 602ms :: {"message":"Failed to fetch statistics"}
9:05:20 AM [express] GET /api/stats 500 in 665ms :: {"message":"Failed to fetch statistics"}
9:05:26 AM [express] GET /api/stats 500 in 661ms :: {"message":"Failed to fetch statistics"}
9:05:31 AM [express] GET /api/stats 500 in 572ms :: {"message":"Failed to fetch statistics"}
9:05:37 AM [express] GET /api/stats 500 in 731ms :: {"message":"Failed to fetch statistics"}
9:05:42 AM [express] GET /api/stats 500 in 642ms :: {"message":"Failed to fetch statistics"}
9:05:48 AM [express] GET /api/stats 500 in 655ms :: {"message":"Failed to fetch statistics"}
9:05:54 AM [express] GET /api/stats 500 in 614ms :: {"message":"Failed to fetch statistics"}
9:05:59 AM [express] GET /api/stats 500 in 671ms :: {"message":"Failed to fetch statistics"}
9:06:05 AM [express] GET /api/stats 500 in 646ms :: {"message":"Failed to fetch statistics"}
9:06:11 AM [express] GET /api/stats 500 in 589ms :: {"message":"Failed to fetch statistics"}
9:06:16 AM [express] GET /api/stats 500 in 656ms :: {"message":"Failed to fetch statistics"}
9:06:22 AM [express] GET /api/stats 500 in 534ms :: {"message":"Failed to fetch statistics"}
9:06:28 AM [express] GET /api/stats 500 in 656ms :: {"message":"Failed to fetch statistics"}
9:13:33 AM [express] GET /api/stats 500 in 1148ms :: {"message":"Failed to fetch statistics"}
9:26:45 AM [express] GET /api/stats 500 in 1165ms :: {"message":"Failed to fetch statistics"}
9:26:51 AM [express] GET /api/stats 500 in 846ms :: {"message":"Failed to fetch statistics"}
9:26:56 AM [express] GET /api/stats 500 in 677ms :: {"message":"Failed to fetch statistics"}
9:27:02 AM [express] GET /api/stats 500 in 646ms :: {"message":"Failed to fetch statistics"}
9:27:09 AM [express] GET /api/stats 500 in 1673ms :: {"message":"Failed to fetch statistics"}
9:27:15 AM [express] GET /api/stats 500 in 587ms :: {"message":"Failed to fetch statistics"}
9:27:20 AM [express] GET /api/stats 500 in 658ms :: {"message":"Failed to fetch statistics"}
9:27:27 AM [express] GET /api/stats 500 in 1284ms :: {"message":"Failed to fetch statistics"}
9:27:33 AM [express] GET /api/stats 500 in 868ms :: {"message":"Failed to fetch statistics"}
9:27:38 AM [express] GET /api/stats 500 in 669ms :: {"message":"Failed to fetch statistics"}
9:27:44 AM [express] GET /api/stats 500 in 599ms :: {"message":"Failed to fetch statistics"}
9:27:50 AM [express] GET /api/stats 500 in 870ms :: {"message":"Failed to fetch statistics"}
9:27:55 AM [express] GET /api/stats 500 in 670ms :: {"message":"Failed to fetch statistics"}
9:28:01 AM [express] GET /api/stats 500 in 639ms :: {"message":"Failed to fetch statistics"}
9:28:07 AM [express] GET /api/stats 500 in 681ms :: {"message":"Failed to fetch statistics"}
9:28:13 AM [express] GET /api/stats 500 in 770ms :: {"message":"Failed to fetch statistics"}
9:28:18 AM [express] GET /api/stats 500 in 666ms :: {"message":"Failed to fetch statistics"}
9:28:24 AM [express] GET /api/stats 500 in 672ms :: {"message":"Failed to fetch statistics"}
9:28:30 AM [express] GET /api/stats 500 in 592ms :: {"message":"Failed to fetch statistics"}
9:28:35 AM [express] GET /api/stats 500 in 649ms :: {"message":"Failed to fetch statistics"}
9:28:41 AM [express] GET /api/stats 500 in 538ms :: {"message":"Failed to fetch statistics"}
9:28:46 AM [express] GET /api/stats 500 in 626ms :: {"message":"Failed to fetch statistics"}
9:28:52 AM [express] GET /api/stats 500 in 815ms :: {"message":"Failed to fetch statistics"}
9:28:59 AM [express] GET /api/stats 500 in 1655ms :: {"message":"Failed to fetch statistics"}
9:29:05 AM [express] GET /api/stats 500 in 665ms :: {"message":"Failed to fetch statistics"}
9:29:10 AM [express] GET /api/stats 500 in 641ms :: {"message":"Failed to fetch statistics"}
9:29:16 AM [express] GET /api/stats 500 in 668ms :: {"message":"Failed to fetch statistics"}
9:29:22 AM [express] GET /api/stats 500 in 682ms :: {"message":"Failed to fetch statistics"}
9:29:27 AM [express] GET /api/stats 500 in 528ms :: {"message":"Failed to fetch statistics"}
9:29:33 AM [express] GET /api/stats 500 in 665ms :: {"message":"Failed to fetch statistics"}
9:29:39 AM [express] GET /api/stats 500 in 820ms :: {"message":"Failed to fetch statistics"}
9:29:44 AM [express] GET /api/stats 500 in 670ms :: {"message":"Failed to fetch statistics"}
9:29:50 AM [express] GET /api/stats 500 in 549ms :: {"message":"Failed to fetch statistics"}
9:29:56 AM [express] GET /api/stats 500 in 738ms :: {"message":"Failed to fetch statistics"}
9:30:01 AM [express] GET /api/stats 500 in 654ms :: {"message":"Failed to fetch statistics"}
9:30:07 AM [express] GET /api/stats 500 in 647ms :: {"message":"Failed to fetch statistics"}
9:30:13 AM [express] GET /api/stats 500 in 640ms :: {"message":"Failed to fetch statistics"}
9:30:18 AM [express] GET /api/stats 500 in 658ms :: {"message":"Failed to fetch statistics"}
9:30:24 AM [express] GET /api/stats 500 in 655ms :: {"message":"Failed to fetch statistics"}
9:30:30 AM [express] GET /api/stats 500 in 668ms :: {"message":"Failed to fetch statistics"}
9:30:35 AM [express] GET /api/stats 500 in 675ms :: {"message":"Failed to fetch statistics"}
9:30:41 AM [express] GET /api/stats 500 in 737ms :: {"message":"Failed to fetch statistics"}
9:30:47 AM [express] GET /api/stats 500 in 590ms :: {"message":"Failed to fetch statistics"}
9:30:53 AM [express] GET /api/stats 500 in 658ms :: {"message":"Failed to fetch statistics"}
9:30:59 AM [express] GET /api/stats 500 in 987ms :: {"message":"Failed to fetch statistics"}
9:31:04 AM [express] GET /api/stats 500 in 751ms :: {"message":"Failed to fetch statistics"}
9:31:10 AM [express] GET /api/stats 500 in 664ms :: {"message":"Failed to fetch statistics"}
9:31:16 AM [express] GET /api/stats 500 in 575ms :: {"message":"Failed to fetch statistics"}
9:31:21 AM [express] GET /api/stats 500 in 571ms :: {"message":"Failed to fetch statistics"}
9:31:27 AM [express] GET /api/stats 500 in 573ms :: {"message":"Failed to fetch statistics"}
9:31:32 AM [express] GET /api/stats 500 in 750ms :: {"message":"Failed to fetch statistics"}
9:31:38 AM [express] GET /api/stats 500 in 578ms :: {"message":"Failed to fetch statistics"}
9:31:44 AM [express] GET /api/stats 500 in 675ms :: {"message":"Failed to fetch statistics"}
9:31:50 AM [express] GET /api/stats 500 in 732ms :: {"message":"Failed to fetch statistics"}
9:31:55 AM [express] GET /api/stats 500 in 665ms :: {"message":"Failed to fetch statistics"}
9:32:01 AM [express] GET /api/stats 500 in 604ms :: {"message":"Failed to fetch statistics"}
9:32:07 AM [express] GET /api/stats 500 in 681ms :: {"message":"Failed to fetch statistics"}
9:32:12 AM [express] GET /api/stats 500 in 669ms :: {"message":"Failed to fetch statistics"}
9:32:18 AM [express] GET /api/stats 500 in 666ms :: {"message":"Failed to fetch statistics"}
9:32:23 AM [express] GET /api/stats 500 in 587ms :: {"message":"Failed to fetch statistics"}
9:32:29 AM [express] GET /api/stats 500 in 640ms :: {"message":"Failed to fetch statistics"}
9:32:35 AM [express] GET /api/stats 500 in 705ms :: {"message":"Failed to fetch statistics"}
9:32:41 AM [express] GET /api/stats 500 in 682ms :: {"message":"Failed to fetch statistics"}
9:32:46 AM [express] GET /api/stats 500 in 649ms :: {"message":"Failed to fetch statistics"}
9:32:52 AM [express] GET /api/stats 500 in 971ms :: {"message":"Failed to fetch statistics"}
9:32:58 AM [express] GET /api/stats 500 in 898ms :: {"message":"Failed to fetch statistics"}
9:33:04 AM [express] GET /api/stats 500 in 737ms :: {"message":"Failed to fetch statistics"}
9:33:10 AM [express] GET /api/stats 500 in 665ms :: {"message":"Failed to fetch statistics"}
9:33:15 AM [express] GET /api/stats 500 in 606ms :: {"message":"Failed to fetch statistics"}
9:33:21 AM [express] GET /api/stats 500 in 599ms :: {"message":"Failed to fetch statistics"}
9:33:26 AM [express] GET /api/stats 500 in 652ms :: {"message":"Failed to fetch statistics"}
9:33:32 AM [express] GET /api/stats 500 in 599ms :: {"message":"Failed to fetch statistics"}
9:33:38 AM [express] GET /api/stats 500 in 710ms :: {"message":"Failed to fetch statistics"}
9:33:43 AM [express] GET /api/stats 500 in 672ms :: {"message":"Failed to fetch statistics"}
9:33:49 AM [express] GET /api/stats 500 in 658ms :: {"message":"Failed to fetch statistics"}
9:33:55 AM [express] GET /api/stats 500 in 672ms :: {"message":"Failed to fetch statistics"}
9:34:00 AM [express] GET /api/stats 500 in 602ms :: {"message":"Failed to fetch statistics"}
9:34:06 AM [express] GET /api/stats 500 in 638ms :: {"message":"Failed to fetch statistics"}
9:34:12 AM [express] GET /api/stats 500 in 681ms :: {"message":"Failed to fetch statistics"}
9:34:17 AM [express] GET /api/stats 500 in 660ms :: {"message":"Failed to fetch statistics"}
9:34:23 AM [express] GET /api/stats 500 in 673ms :: {"message":"Failed to fetch statistics"}
9:34:29 AM [express] GET /api/stats 500 in 669ms :: {"message":"Failed to fetch statistics"}
9:34:35 AM [express] GET /api/stats 500 in 685ms :: {"message":"Failed to fetch statistics"}
9:34:40 AM [express] GET /api/stats 500 in 666ms :: {"message":"Failed to fetch statistics"}
9:34:46 AM [express] GET /api/stats 500 in 580ms :: {"message":"Failed to fetch statistics"}
9:34:51 AM [express] GET /api/stats 500 in 587ms :: {"message":"Failed to fetch statistics"}
9:34:57 AM [express] GET /api/stats 500 in 435ms :: {"message":"Failed to fetch statistics"}
9:35:02 AM [express] GET /api/stats 500 in 543ms :: {"message":"Failed to fetch statistics"}
9:35:08 AM [express] GET /api/stats 500 in 830ms :: {"message":"Failed to fetch statistics"}
9:35:14 AM [express] GET /api/stats 500 in 782ms :: {"message":"Failed to fetch statistics"}
9:35:20 AM [express] GET /api/stats 500 in 855ms :: {"message":"Failed to fetch statistics"}
9:35:26 AM [express] GET /api/stats 500 in 588ms :: {"message":"Failed to fetch statistics"}
9:35:31 AM [express] GET /api/stats 500 in 464ms :: {"message":"Failed to fetch statistics"}
9:35:37 AM [express] GET /api/stats 500 in 616ms :: {"message":"Failed to fetch statistics"}
9:35:42 AM [express] GET /api/stats 500 in 642ms :: {"message":"Failed to fetch statistics"}
9:35:48 AM [express] GET /api/stats 500 in 638ms :: {"message":"Failed to fetch statistics"}
9:35:54 AM [express] GET /api/stats 500 in 974ms :: {"message":"Failed to fetch statistics"}
9:36:00 AM [express] GET /api/stats 500 in 755ms :: {"message":"Failed to fetch statistics"}
9:36:05 AM [express] GET /api/stats 500 in 666ms :: {"message":"Failed to fetch statistics"}
9:36:11 AM [express] GET /api/stats 500 in 951ms :: {"message":"Failed to fetch statistics"}
9:36:17 AM [express] GET /api/stats 500 in 661ms :: {"message":"Failed to fetch statistics"}
9:36:23 AM [express] GET /api/stats 500 in 994ms :: {"message":"Failed to fetch statistics"}
9:36:29 AM [express] GET /api/stats 500 in 459ms :: {"message":"Failed to fetch statistics"}
9:36:34 AM [express] GET /api/stats 500 in 886ms :: {"message":"Failed to fetch statistics"}

C:\Users\Maq4\Desktop\mcr-main\mcr-main>